<?xml version="1.0" encoding="UTF-8"?>
<!-- Generated by org.testng.reporters.JUnitXMLReporter -->
<testsuite hostname="BLRC02TM09RG8WN.sea.corp.expecn.com" tests="5" failures="0" timestamp="30 May 2018 06:02:47 GMT" time="0.021" errors="0">
  <testcase name="diffTest" time="0.007" classname="testCalculator"/>
  <testcase name="divTest" time="0.0" classname="testCalculator"/>
  <testcase name="modTest" time="0.0" classname="testCalculator"/>
  <testcase name="mulTest" time="0.0" classname="testCalculator"/>
  <testcase name="sumTest" time="0.001" classname="testCalculator"/>
</testsuite>
