<?xml version="1.0" encoding="UTF-8"?>
<testng-results skipped="0" failed="0" total="1" passed="1">
  <reporter-output>
  </reporter-output>
  <suite name="Sample Suite" duration-ms="18" started-at="2018-05-30T09:10:55Z" finished-at="2018-05-30T09:10:55Z">
    <groups>
      <group name="nav">
        <method signature="testCalculator.mulTest()[pri:0, instance:testCalculator@5594a1b5]" name="mulTest" class="testCalculator"/>
      </group> <!-- nav -->
      <group name="calc">
        <method signature="testCalculator.mulTest()[pri:0, instance:testCalculator@5594a1b5]" name="mulTest" class="testCalculator"/>
      </group> <!-- calc -->
    </groups>
    <test name="testing" duration-ms="18" started-at="2018-05-30T09:10:55Z" finished-at="2018-05-30T09:10:55Z">
      <class name="testCalculator">
        <test-method status="PASS" signature="mulTest()[pri:0, instance:testCalculator@5594a1b5]" name="mulTest" duration-ms="8" started-at="2018-05-30T14:40:55Z" finished-at="2018-05-30T14:40:55Z">
          <reporter-output>
          </reporter-output>
        </test-method> <!-- mulTest -->
      </class> <!-- testCalculator -->
    </test> <!-- testing -->
  </suite> <!-- Sample Suite -->
</testng-results>
